           .                                          
          .`        `                                 
          ,      `:.                                  
         `,`    ,:`                                   
         .,.   :,,                                    
         .,,  ,,,                                     
    .    .,.:::::  ````                                 :::::::::     :::::::::   
    ,`   .::,,,,::.,,,,,,`;;                      .:    ::::::::::    :::    :::  
    `,.  ::,,,,,,,:.,,.`  `                       .:    :::      :::  :::     ::: 
     ,,:,:,,,,,,,,::.   `        `         ``     .:    :::      :::  :::     ::: 
      ,,:.,,,,,,,,,: `::, ,,   ::,::`   : :,::`  ::::   :::      :::  :::    :::  
       ,:,,,,,,,,,,::,:   ,,  :.    :   ::    :   .:    :::      :::  :::::::     
        :,,,,,,,,,,:,::   ,,  :      :  :     :   .:    :::      :::  :::::::::   
  `     :,,,,,,,,,,:,::,  ,, .::::::::  :     :   .:    :::      :::  :::     ::: 
  `,...,,:,,,,,,,,,: .:,. ,, ,,         :     :   .:    :::      :::  :::     ::: 
    .,,,,::,,,,,,,:  `: , ,,  :     `   :     :   .:    :::      :::  :::     ::: 
      ...,::,,,,::.. `:  .,,  :,    :   :     :   .:    :::::::::::   :::     ::: 
           ,::::,,,. `:   ,,   :::::    :     :   .:    :::::::::     ::::::::::  
           ,,:` `,,.                                  
          ,,,    .,`                                  
         ,,.     `,                                          GRAPH DATABASE  
       ``        `.                                                          
                 ``                                         www.orientdb.org 
                 `                                    
